0 info it worked if it ends with ok
1 verbose cli [ '/Users/jgilbert/.nvm/versions/node/v6.10.1/bin/node',
1 verbose cli   '/Users/jgilbert/.nvm/versions/node/v6.10.1/bin/npm',
1 verbose cli   'run',
1 verbose cli   'rm:dev:e' ]
2 info using npm@3.10.10
3 info using node@v6.10.1
4 verbose run-script [ 'prerm:dev:e', 'rm:dev:e', 'postrm:dev:e' ]
5 info lifecycle cndp-data-lake@1.0.0~prerm:dev:e: cndp-data-lake@1.0.0
6 silly lifecycle cndp-data-lake@1.0.0~prerm:dev:e: no script for prerm:dev:e, continuing
7 info lifecycle cndp-data-lake@1.0.0~rm:dev:e: cndp-data-lake@1.0.0
8 verbose lifecycle cndp-data-lake@1.0.0~rm:dev:e: unsafe-perm in lifecycle true
9 verbose lifecycle cndp-data-lake@1.0.0~rm:dev:e: PATH: /Users/jgilbert/.nvm/versions/node/v6.10.1/lib/node_modules/npm/bin/node-gyp-bin:/Users/jgilbert/Documents/workspaces/github/packt/cndp/ch3/data-lake/node_modules/.bin:/usr/local/bin:/Applications/oracle/product/instantclient_64/11.2.0.3.0/bin:/usr/local/gradle-2.2.1/bin:/opt/local/bin:/opt/local/sbin:/Users/jgilbert/.rvm/gems/ruby-2.1.2/bin:/Users/jgilbert/.rvm/gems/ruby-2.1.2@global/bin:/Users/jgilbert/.rvm/rubies/ruby-2.1.2/bin:/Users/jgilbert/.nvm/versions/node/v6.10.1/bin:/opt/subversion/bin:/usr/local/mysql/bin:/usr/local/bin:/usr/bin:/bin:/usr/sbin:/sbin:/usr/local/bin:/opt/X11/bin:/usr/local/git/bin:/usr/local/MacGPG2/bin:/Users/jgilbert/.rvm/bin:/usr/local/ec2/ec2-api-tools-1.7.3.2/bin
10 verbose lifecycle cndp-data-lake@1.0.0~rm:dev:e: CWD: /Users/jgilbert/Documents/workspaces/github/packt/cndp/ch3/data-lake
11 silly lifecycle cndp-data-lake@1.0.0~rm:dev:e: Args: [ '-c', 'sls remove -v -r us-east-1 -s dev' ]
12 silly lifecycle cndp-data-lake@1.0.0~rm:dev:e: Returned: code: 1  signal: null
13 info lifecycle cndp-data-lake@1.0.0~rm:dev:e: Failed to exec rm:dev:e script
14 verbose stack Error: cndp-data-lake@1.0.0 rm:dev:e: `sls remove -v -r us-east-1 -s dev`
14 verbose stack Exit status 1
14 verbose stack     at EventEmitter.<anonymous> (/Users/jgilbert/.nvm/versions/node/v6.10.1/lib/node_modules/npm/lib/utils/lifecycle.js:255:16)
14 verbose stack     at emitTwo (events.js:106:13)
14 verbose stack     at EventEmitter.emit (events.js:191:7)
14 verbose stack     at ChildProcess.<anonymous> (/Users/jgilbert/.nvm/versions/node/v6.10.1/lib/node_modules/npm/lib/utils/spawn.js:40:14)
14 verbose stack     at emitTwo (events.js:106:13)
14 verbose stack     at ChildProcess.emit (events.js:191:7)
14 verbose stack     at maybeClose (internal/child_process.js:886:16)
14 verbose stack     at Process.ChildProcess._handle.onexit (internal/child_process.js:226:5)
15 verbose pkgid cndp-data-lake@1.0.0
16 verbose cwd /Users/jgilbert/Documents/workspaces/github/packt/cndp/ch3/data-lake
17 error Darwin 15.6.0
18 error argv "/Users/jgilbert/.nvm/versions/node/v6.10.1/bin/node" "/Users/jgilbert/.nvm/versions/node/v6.10.1/bin/npm" "run" "rm:dev:e"
19 error node v6.10.1
20 error npm  v3.10.10
21 error code ELIFECYCLE
22 error cndp-data-lake@1.0.0 rm:dev:e: `sls remove -v -r us-east-1 -s dev`
22 error Exit status 1
23 error Failed at the cndp-data-lake@1.0.0 rm:dev:e script 'sls remove -v -r us-east-1 -s dev'.
23 error Make sure you have the latest version of node.js and npm installed.
23 error If you do, this is most likely a problem with the cndp-data-lake package,
23 error not with npm itself.
23 error Tell the author that this fails on your system:
23 error     sls remove -v -r us-east-1 -s dev
23 error You can get information on how to open an issue for this project with:
23 error     npm bugs cndp-data-lake
23 error Or if that isn't available, you can get their info via:
23 error     npm owner ls cndp-data-lake
23 error There is likely additional logging output above.
24 verbose exit [ 1, true ]
